2020-4-20 22:22:41 footmark-2 INFO footmark-2-创建线程-:核心线程数:2 活跃线程数:2 最大线程数:5 线程池活跃度:40.00% 队列完成数:0 队列长度:100 当前排队线程数:13 队列剩余长度:87 队列使用度:13.00%
2020-4-20 22:22:41 main INFO main-改变之前-:核心线程数:2 活跃线程数:2 最大线程数:5 线程池活跃度:40.00% 队列完成数:0 队列长度:100 当前排队线程数:13 队列剩余长度:87 队列使用度:13.00%
2020-4-20 22:22:41 footmark-1 INFO footmark-1-创建线程-:核心线程数:2 活跃线程数:2 最大线程数:5 线程池活跃度:40.00% 队列完成数:0 队列长度:100 当前排队线程数:13 队列剩余长度:87 队列使用度:13.00%
2020-4-20 22:22:41 footmark-5 INFO footmark-5-创建线程-:核心线程数:5 活跃线程数:5 最大线程数:10 线程池活跃度:50.00% 队列完成数:0 队列长度:200 当前排队线程数:10 队列剩余长度:190 队列使用度:5.00%
2020-4-20 22:22:41 footmark-3 INFO footmark-3-创建线程-:核心线程数:5 活跃线程数:5 最大线程数:10 线程池活跃度:50.00% 队列完成数:0 队列长度:200 当前排队线程数:10 队列剩余长度:190 队列使用度:5.00%
2020-4-20 22:22:41 footmark-4 INFO footmark-4-创建线程-:核心线程数:5 活跃线程数:5 最大线程数:10 线程池活跃度:50.00% 队列完成数:0 队列长度:200 当前排队线程数:10 队列剩余长度:190 队列使用度:5.00%
2020-4-20 22:22:41 main INFO main-改变之后-:核心线程数:5 活跃线程数:5 最大线程数:10 线程池活跃度:50.00% 队列完成数:0 队列长度:200 当前排队线程数:10 队列剩余长度:190 队列使用度:5.00%
2020-4-20 22:22:51 footmark-2 INFO footmark-2-创建线程-:核心线程数:5 活跃线程数:5 最大线程数:10 线程池活跃度:50.00% 队列完成数:5 队列长度:200 当前排队线程数:5 队列剩余长度:195 队列使用度:2.50%
2020-4-20 22:22:51 footmark-1 INFO footmark-1-创建线程-:核心线程数:5 活跃线程数:5 最大线程数:10 线程池活跃度:50.00% 队列完成数:4 队列长度:200 当前排队线程数:7 队列剩余长度:193 队列使用度:3.50%
2020-4-20 22:22:51 footmark-5 INFO footmark-5-创建线程-:核心线程数:5 活跃线程数:4 最大线程数:10 线程池活跃度:50.00% 队列完成数:5 队列长度:200 当前排队线程数:5 队列剩余长度:195 队列使用度:2.50%
2020-4-20 22:22:51 footmark-4 INFO footmark-4-创建线程-:核心线程数:5 活跃线程数:5 最大线程数:10 线程池活跃度:50.00% 队列完成数:5 队列长度:200 当前排队线程数:5 队列剩余长度:195 队列使用度:2.50%
2020-4-20 22:22:51 footmark-3 INFO footmark-3-创建线程-:核心线程数:5 活跃线程数:5 最大线程数:10 线程池活跃度:50.00% 队列完成数:5 队列长度:200 当前排队线程数:5 队列剩余长度:195 队列使用度:2.50%
2020-4-20 22:23:01 footmark-2 INFO footmark-2-创建线程-:核心线程数:5 活跃线程数:5 最大线程数:10 线程池活跃度:50.00% 队列完成数:10 队列长度:200 当前排队线程数:0 队列剩余长度:200 队列使用度:0.00%
2020-4-20 22:23:01 footmark-1 INFO footmark-1-创建线程-:核心线程数:5 活跃线程数:5 最大线程数:10 线程池活跃度:50.00% 队列完成数:10 队列长度:200 当前排队线程数:1 队列剩余长度:199 队列使用度:0.50%
2020-4-20 22:23:01 footmark-4 INFO footmark-4-创建线程-:核心线程数:5 活跃线程数:5 最大线程数:10 线程池活跃度:50.00% 队列完成数:10 队列长度:200 当前排队线程数:0 队列剩余长度:200 队列使用度:0.00%
2020-4-20 22:23:01 footmark-3 INFO footmark-3-创建线程-:核心线程数:5 活跃线程数:5 最大线程数:10 线程池活跃度:50.00% 队列完成数:10 队列长度:200 当前排队线程数:0 队列剩余长度:200 队列使用度:0.00%
2020-4-20 22:23:01 footmark-5 INFO footmark-5-创建线程-:核心线程数:5 活跃线程数:5 最大线程数:10 线程池活跃度:50.00% 队列完成数:10 队列长度:200 当前排队线程数:0 队列剩余长度:200 队列使用度:0.00%
2020-4-20 22:24:22 footmark-2 INFO 创建线程-:核心线程数:2 活跃线程数:2 最大线程数:5 线程池活跃度:40.00% 队列完成数:0 队列长度:100 当前排队线程数:13 队列剩余长度:87 队列使用度:13.00%
2020-4-20 22:24:22 main INFO 改变之前-:核心线程数:2 活跃线程数:2 最大线程数:5 线程池活跃度:40.00% 队列完成数:0 队列长度:100 当前排队线程数:13 队列剩余长度:87 队列使用度:13.00%
2020-4-20 22:24:22 footmark-1 INFO 创建线程-:核心线程数:2 活跃线程数:2 最大线程数:5 线程池活跃度:40.00% 队列完成数:0 队列长度:100 当前排队线程数:13 队列剩余长度:87 队列使用度:13.00%
2020-4-20 22:24:22 main INFO 改变之后-:核心线程数:5 活跃线程数:5 最大线程数:10 线程池活跃度:50.00% 队列完成数:0 队列长度:200 当前排队线程数:11 队列剩余长度:189 队列使用度:5.50%
2020-4-20 22:24:22 footmark-3 INFO 创建线程-:核心线程数:5 活跃线程数:5 最大线程数:10 线程池活跃度:50.00% 队列完成数:0 队列长度:200 当前排队线程数:11 队列剩余长度:189 队列使用度:5.50%
2020-4-20 22:24:22 footmark-5 INFO 创建线程-:核心线程数:5 活跃线程数:5 最大线程数:10 线程池活跃度:50.00% 队列完成数:0 队列长度:200 当前排队线程数:10 队列剩余长度:190 队列使用度:5.00%
2020-4-20 22:24:22 footmark-4 INFO 创建线程-:核心线程数:5 活跃线程数:5 最大线程数:10 线程池活跃度:50.00% 队列完成数:0 队列长度:200 当前排队线程数:10 队列剩余长度:190 队列使用度:5.00%
2020-4-20 22:24:32 footmark-2 INFO 创建线程-:核心线程数:5 活跃线程数:5 最大线程数:10 线程池活跃度:50.00% 队列完成数:2 队列长度:200 当前排队线程数:8 队列剩余长度:192 队列使用度:4.00%
2020-4-20 22:24:32 footmark-1 INFO 创建线程-:核心线程数:5 活跃线程数:5 最大线程数:10 线程池活跃度:50.00% 队列完成数:2 队列长度:200 当前排队线程数:8 队列剩余长度:192 队列使用度:4.00%
2020-4-20 22:24:32 footmark-3 INFO 创建线程-:核心线程数:5 活跃线程数:5 最大线程数:10 线程池活跃度:50.00% 队列完成数:5 队列长度:200 当前排队线程数:5 队列剩余长度:195 队列使用度:2.50%
2020-4-20 22:24:32 footmark-4 INFO 创建线程-:核心线程数:5 活跃线程数:5 最大线程数:10 线程池活跃度:50.00% 队列完成数:5 队列长度:200 当前排队线程数:5 队列剩余长度:195 队列使用度:2.50%
2020-4-20 22:24:32 footmark-5 INFO 创建线程-:核心线程数:5 活跃线程数:5 最大线程数:10 线程池活跃度:50.00% 队列完成数:5 队列长度:200 当前排队线程数:5 队列剩余长度:195 队列使用度:2.50%
2020-4-20 22:24:42 footmark-2 INFO 创建线程-:核心线程数:5 活跃线程数:5 最大线程数:10 线程池活跃度:50.00% 队列完成数:7 队列长度:200 当前排队线程数:3 队列剩余长度:197 队列使用度:1.50%
2020-4-20 22:24:42 footmark-1 INFO 创建线程-:核心线程数:5 活跃线程数:5 最大线程数:10 线程池活跃度:50.00% 队列完成数:7 队列长度:200 当前排队线程数:3 队列剩余长度:197 队列使用度:1.50%
2020-4-20 22:24:42 footmark-5 INFO 创建线程-:核心线程数:5 活跃线程数:5 最大线程数:10 线程池活跃度:50.00% 队列完成数:10 队列长度:200 当前排队线程数:0 队列剩余长度:200 队列使用度:0.00%
2020-4-20 22:24:42 footmark-4 INFO 创建线程-:核心线程数:5 活跃线程数:5 最大线程数:10 线程池活跃度:50.00% 队列完成数:10 队列长度:200 当前排队线程数:0 队列剩余长度:200 队列使用度:0.00%
2020-4-20 22:24:42 footmark-3 INFO 创建线程-:核心线程数:5 活跃线程数:5 最大线程数:10 线程池活跃度:50.00% 队列完成数:10 队列长度:200 当前排队线程数:0 队列剩余长度:200 队列使用度:0.00%
2020-4-20 22:44:57 main INFO 改变之前-:核心线程数:2 活跃线程数:2 最大线程数:5 线程池活跃度:40.00% 队列完成数:0 队列长度:100 当前排队线程数:13 队列剩余长度:87 队列使用度:13.00%
2020-4-20 22:44:57 footmark-1 INFO 创建线程-:核心线程数:2 活跃线程数:2 最大线程数:5 线程池活跃度:20.00% 队列完成数:0 队列长度:100 当前排队线程数:13 队列剩余长度:87 队列使用度:13.00%
2020-4-20 22:44:57 footmark-2 INFO 创建线程-:核心线程数:2 活跃线程数:2 最大线程数:5 线程池活跃度:40.00% 队列完成数:0 队列长度:100 当前排队线程数:13 队列剩余长度:87 队列使用度:13.00%
2020-4-20 22:44:57 footmark-3 INFO 创建线程-:核心线程数:5 活跃线程数:5 最大线程数:10 线程池活跃度:50.00% 队列完成数:0 队列长度:200 当前排队线程数:10 队列剩余长度:190 队列使用度:5.00%
2020-4-20 22:44:57 footmark-4 INFO 创建线程-:核心线程数:5 活跃线程数:5 最大线程数:10 线程池活跃度:50.00% 队列完成数:0 队列长度:200 当前排队线程数:10 队列剩余长度:190 队列使用度:5.00%
2020-4-20 22:44:57 main INFO 改变之后-:核心线程数:5 活跃线程数:5 最大线程数:10 线程池活跃度:50.00% 队列完成数:0 队列长度:200 当前排队线程数:11 队列剩余长度:189 队列使用度:5.50%
2020-4-20 22:44:57 footmark-5 INFO 创建线程-:核心线程数:5 活跃线程数:5 最大线程数:10 线程池活跃度:50.00% 队列完成数:0 队列长度:200 当前排队线程数:10 队列剩余长度:190 队列使用度:5.00%
2020-4-20 22:45:07 footmark-1 INFO 创建线程-:核心线程数:5 活跃线程数:5 最大线程数:10 线程池活跃度:50.00% 队列完成数:2 队列长度:200 当前排队线程数:8 队列剩余长度:192 队列使用度:4.00%
2020-4-20 22:45:07 footmark-2 INFO 创建线程-:核心线程数:5 活跃线程数:5 最大线程数:10 线程池活跃度:50.00% 队列完成数:2 队列长度:200 当前排队线程数:8 队列剩余长度:192 队列使用度:4.00%
2020-4-20 22:45:07 footmark-3 INFO 创建线程-:核心线程数:5 活跃线程数:5 最大线程数:10 线程池活跃度:50.00% 队列完成数:5 队列长度:200 当前排队线程数:5 队列剩余长度:195 队列使用度:2.50%
2020-4-20 22:45:07 footmark-5 INFO 创建线程-:核心线程数:5 活跃线程数:5 最大线程数:10 线程池活跃度:50.00% 队列完成数:5 队列长度:200 当前排队线程数:5 队列剩余长度:195 队列使用度:2.50%
2020-4-20 22:45:07 footmark-4 INFO 创建线程-:核心线程数:5 活跃线程数:5 最大线程数:10 线程池活跃度:50.00% 队列完成数:5 队列长度:200 当前排队线程数:5 队列剩余长度:195 队列使用度:2.50%
2020-4-20 22:45:17 footmark-2 INFO 创建线程-:核心线程数:5 活跃线程数:5 最大线程数:10 线程池活跃度:50.00% 队列完成数:7 队列长度:200 当前排队线程数:3 队列剩余长度:197 队列使用度:1.50%
2020-4-20 22:45:17 footmark-1 INFO 创建线程-:核心线程数:5 活跃线程数:5 最大线程数:10 线程池活跃度:50.00% 队列完成数:7 队列长度:200 当前排队线程数:3 队列剩余长度:197 队列使用度:1.50%
2020-4-20 22:45:17 footmark-5 INFO 创建线程-:核心线程数:5 活跃线程数:5 最大线程数:10 线程池活跃度:50.00% 队列完成数:10 队列长度:200 当前排队线程数:0 队列剩余长度:200 队列使用度:0.00%
2020-4-20 22:45:17 footmark-4 INFO 创建线程-:核心线程数:5 活跃线程数:5 最大线程数:10 线程池活跃度:50.00% 队列完成数:10 队列长度:200 当前排队线程数:0 队列剩余长度:200 队列使用度:0.00%
2020-4-20 22:45:17 footmark-3 INFO 创建线程-:核心线程数:5 活跃线程数:5 最大线程数:10 线程池活跃度:50.00% 队列完成数:10 队列长度:200 当前排队线程数:0 队列剩余长度:200 队列使用度:0.00%
